<?xml version="1.0" encoding="UTF-8"?>
<testsuite xmlns:xsi="http://www.w3.org/2001/XMLSchema-instance" xsi:noNamespaceSchemaLocation="https://maven.apache.org/surefire/maven-surefire-plugin/xsd/surefire-test-report-3.0.xsd" version="3.0" name="apptests.CucumberRunnerTest" time="201.179" tests="3" errors="0" skipped="0" failures="0">
  <properties>
[...]
</properties>
  <testcase name="Log in and add a new beneficiary with unique data" classname="Add Beneficiary" time="86.116">
    <system-out><![CDATA[
Scenario: Log in and add a new beneficiary with unique data       &amp#27;[90m# features/AddBeneficiary.feature:5&amp#27;[0m
  &amp#27;[32mAnd &amp#27;[0m&amp#27;[32mlocation permission is granted&amp#27;[0m                              &amp#27;[90m# apptests.AddBeneficiarySteps.location_permission_is_granted()&amp#27;[0m
  &amp#27;[32mGiven &amp#27;[0m&amp#27;[32mthe user is logged in and starts the Add Beneficiary flow&amp#27;[0m &amp#27;[90m# apptests.AddBeneficiarySteps.the_user_is_logged_in_and_starts_the_flow()&amp#27;[0m
  &amp#27;[32mWhen &amp#27;[0m&amp#27;[32mthe user fills in the beneficiary form&amp#27;[0m                     &amp#27;[90m# apptests.AddBeneficiarySteps.the_user_fills_in_the_form()&amp#27;[0m
--- Driver session closed ---
]]></system-out>
  </testcase>
  <testcase name="User logs in with valid credentials" classname="Login" time="56.282">
    <system-out><![CDATA[
Scenario: User logs in with valid credentials &amp#27;[90m# features/Login.feature:6&amp#27;[0m
  &amp#27;[32mAnd &amp#27;[0m&amp#27;[32mlocation permission is granted&amp#27;[0m          &amp#27;[90m# apptests.AddBeneficiarySteps.location_permission_is_granted()&amp#27;[0m
  &amp#27;[32mWhen &amp#27;[0m&amp#27;[32mthe user enters valid credentials&amp#27;[0m      &amp#27;[90m# apptests.LoginSteps.the_user_enters_valid_credentials()&amp#27;[0m
  &amp#27;[32mAnd &amp#27;[0m&amp#27;[32mtaps the login button&amp#27;[0m                   &amp#27;[90m# apptests.LoginSteps.taps_the_login_button()&amp#27;[0m
✔ Login test completed.
  &amp#27;[32mThen &amp#27;[0m&amp#27;[32mthe user should be logged in&amp#27;[0m           &amp#27;[90m# apptests.LoginSteps.the_user_should_be_logged_in()&amp#27;[0m
--- Driver session closed ---
]]></system-out>
  </testcase>
  <testcase name="Successful signup with valid credentials" classname="User Sign Up" time="58.532">
    <system-out><![CDATA[
Scenario: Successful signup with valid credentials &amp#27;[90m# features/SignUp.feature:3&amp#27;[0m
  &amp#27;[32mGiven &amp#27;[0m&amp#27;[32mlocation permission is granted&amp#27;[0m             &amp#27;[90m# apptests.AddBeneficiarySteps.location_permission_is_granted()&amp#27;[0m
  &amp#27;[32mWhen &amp#27;[0m&amp#27;[32mthe user navigates to sign up&amp#27;[0m               &amp#27;[90m# apptests.SignUpSteps.the_user_navigates_to_sign_up()&amp#27;[0m
  &amp#27;[32mAnd &amp#27;[0m&amp#27;[32menters new user information&amp#27;[0m                  &amp#27;[90m# apptests.SignUpSteps.enters_new_user_information()&amp#27;[0m
  &amp#27;[32mAnd &amp#27;[0m&amp#27;[32msubmits the signup form&amp#27;[0m                      &amp#27;[90m# apptests.SignUpSteps.submits_the_signup_form()&amp#27;[0m
  &amp#27;[32mAnd &amp#27;[0m&amp#27;[32mtaps the sign up button&amp#27;[0m                      &amp#27;[90m# apptests.SignUpSteps.taps_the_sign_up_button()&amp#27;[0m
✔ Sign up test completed, confirmation shown.
  &amp#27;[32mThen &amp#27;[0m&amp#27;[32ma confirmation message should be displayed&amp#27;[0m  &amp#27;[90m# apptests.SignUpSteps.a_confirmation_message_should_be_displayed()&amp#27;[0m
--- Driver session closed ---
]]></system-out>
  </testcase>
</testsuite>